<?xml version="1.0" encoding="UTF-8"?>
<robot generator="Robot 6.0.2 (Python 3.11.1 on win32)" generated="20230128 12:16:53.203" rpa="false" schemaversion="3">
<suite id="s1" name="Valid Login test" source="C:\Caption_Project\1__Login_Suite\01__Valid_Login_test.robot">
<test id="s1-t1" name="Valid Login Testcase_Valid_Login_1" line="14">
<kw name="Launch Browser And Navigate To Url" library="common_functionalities" type="SETUP">
<kw name="Open Browser" library="SeleniumLibrary">
<arg>browser=${BROWSER_NAME}</arg>
<doc>Opens a new browser instance to the optional ``url``.</doc>
<msg timestamp="20230128 12:16:54.327" level="INFO">Opening browser 'chrome' to base url 'None'.</msg>
<status status="PASS" starttime="20230128 12:16:54.327" endtime="20230128 12:16:57.132"/>
</kw>
<kw name="Maximize Browser Window" library="SeleniumLibrary">
<doc>Maximizes current browser window.</doc>
<status status="PASS" starttime="20230128 12:16:57.133" endtime="20230128 12:16:57.259"/>
</kw>
<kw name="Set Selenium Implicit Wait" library="SeleniumLibrary">
<arg>30s</arg>
<doc>Sets the implicit wait value used by Selenium.</doc>
<status status="PASS" starttime="20230128 12:16:57.260" endtime="20230128 12:16:57.264"/>
</kw>
<kw name="Go To" library="SeleniumLibrary">
<arg>url=${URL}</arg>
<doc>Navigates the current browser window to the provided ``url``.</doc>
<msg timestamp="20230128 12:16:57.266" level="INFO">Opening url 'https://www.chumbak.com/'</msg>
<status status="PASS" starttime="20230128 12:16:57.264" endtime="20230128 12:17:09.589"/>
</kw>
<status status="PASS" starttime="20230128 12:16:54.326" endtime="20230128 12:17:09.590"/>
</kw>
<kw name="Valid Login Template">
<arg>AP</arg>
<arg>MO</arg>
<arg>aparnaml@gmail.com</arg>
<arg>doddy123</arg>
<kw name="Click Element" library="SeleniumLibrary">
<arg>id=user_6_</arg>
<doc>Click the element identified by ``locator``.</doc>
<msg timestamp="20230128 12:17:09.596" level="INFO">Clicking element 'id=user_6_'.</msg>
<status status="PASS" starttime="20230128 12:17:09.594" endtime="20230128 12:17:09.689"/>
</kw>
<kw name="Click Element" library="SeleniumLibrary">
<arg>link=Login</arg>
<doc>Click the element identified by ``locator``.</doc>
<msg timestamp="20230128 12:17:09.691" level="INFO">Clicking element 'link=Login'.</msg>
<status status="PASS" starttime="20230128 12:17:09.689" endtime="20230128 12:17:12.321"/>
</kw>
<kw name="Click Element" library="SeleniumLibrary">
<arg>link=Create one</arg>
<doc>Click the element identified by ``locator``.</doc>
<msg timestamp="20230128 12:17:12.323" level="INFO">Clicking element 'link=Create one'.</msg>
<status status="PASS" starttime="20230128 12:17:12.321" endtime="20230128 12:17:15.531"/>
</kw>
<kw name="Input Text" library="SeleniumLibrary">
<arg>name=customer[first_name]</arg>
<arg>${firstname}</arg>
<doc>Types the given ``text`` into the text field identified by ``locator``.</doc>
<msg timestamp="20230128 12:17:15.532" level="INFO">Typing text 'AP' into text field 'name=customer[first_name]'.</msg>
<status status="PASS" starttime="20230128 12:17:15.531" endtime="20230128 12:17:15.700"/>
</kw>
<kw name="Input Text" library="SeleniumLibrary">
<arg>name=customer[last_name]</arg>
<arg>${lastname}</arg>
<doc>Types the given ``text`` into the text field identified by ``locator``.</doc>
<msg timestamp="20230128 12:17:15.701" level="INFO">Typing text 'MO' into text field 'name=customer[last_name]'.</msg>
<status status="PASS" starttime="20230128 12:17:15.700" endtime="20230128 12:17:16.060"/>
</kw>
<kw name="Input Text" library="SeleniumLibrary">
<arg>name=customer[email]</arg>
<arg>${mailid}</arg>
<doc>Types the given ``text`` into the text field identified by ``locator``.</doc>
<msg timestamp="20230128 12:17:16.061" level="INFO">Typing text 'aparnaml@gmail.com' into text field 'name=customer[email]'.</msg>
<status status="PASS" starttime="20230128 12:17:16.060" endtime="20230128 12:17:16.235"/>
</kw>
<kw name="Input Text" library="SeleniumLibrary">
<arg>name=customer[password]</arg>
<arg>${password}</arg>
<doc>Types the given ``text`` into the text field identified by ``locator``.</doc>
<msg timestamp="20230128 12:17:16.236" level="INFO">Typing text 'doddy123' into text field 'name=customer[password]'.</msg>
<status status="PASS" starttime="20230128 12:17:16.235" endtime="20230128 12:17:16.368"/>
</kw>
<kw name="Get WebElement" library="SeleniumLibrary">
<var>${login}</var>
<arg>xpath=//button[text()='Create my account']</arg>
<doc>Returns the first WebElement matching the given ``locator``.</doc>
<msg timestamp="20230128 12:17:16.385" level="INFO">${login} = &lt;selenium.webdriver.remote.webelement.WebElement (session="70cd33f10492aff5d3b79aac7aa7697a", element="5d9a1603-770f-47e8-b9fa-9467f1ab4ec4")&gt;</msg>
<status status="PASS" starttime="20230128 12:17:16.368" endtime="20230128 12:17:16.385"/>
</kw>
<kw name="Execute Javascript" library="SeleniumLibrary">
<arg>arguments[0].click()</arg>
<arg>ARGUMENTS</arg>
<arg>${login}</arg>
<doc>Executes the given JavaScript code with possible arguments.</doc>
<msg timestamp="20230128 12:17:16.389" level="INFO">Executing JavaScript:
arguments[0].click()
By using argument:
'&lt;selenium.webdriver.remote.webelement.WebElement (session="70cd33f10492aff5d3b79aac7aa7697a", element="5d9a1603-770f-47e8-b9fa-9467f1ab4ec4")&gt;'</msg>
<status status="PASS" starttime="20230128 12:17:16.386" endtime="20230128 12:17:20.594"/>
</kw>
<kw name="Sleep" library="BuiltIn">
<arg>10s</arg>
<doc>Pauses the test executed for the given time.</doc>
<msg timestamp="20230128 12:17:30.596" level="INFO">Slept 10 seconds</msg>
<status status="PASS" starttime="20230128 12:17:20.595" endtime="20230128 12:17:30.597"/>
</kw>
<status status="PASS" starttime="20230128 12:17:09.590" endtime="20230128 12:17:30.597"/>
</kw>
<kw name="Close Browser" library="SeleniumLibrary" type="TEARDOWN">
<doc>Closes the current browser.</doc>
<status status="PASS" starttime="20230128 12:17:30.598" endtime="20230128 12:17:32.902"/>
</kw>
<status status="PASS" starttime="20230128 12:16:54.322" endtime="20230128 12:17:32.902"/>
</test>
<test id="s1-t2" name="Valid Login Testcase_Valid_Login_2" line="14">
<kw name="Launch Browser And Navigate To Url" library="common_functionalities" type="SETUP">
<kw name="Open Browser" library="SeleniumLibrary">
<arg>browser=${BROWSER_NAME}</arg>
<doc>Opens a new browser instance to the optional ``url``.</doc>
<msg timestamp="20230128 12:17:32.902" level="INFO">Opening browser 'chrome' to base url 'None'.</msg>
<status status="PASS" starttime="20230128 12:17:32.902" endtime="20230128 12:17:34.713"/>
</kw>
<kw name="Maximize Browser Window" library="SeleniumLibrary">
<doc>Maximizes current browser window.</doc>
<status status="PASS" starttime="20230128 12:17:34.714" endtime="20230128 12:17:34.837"/>
</kw>
<kw name="Set Selenium Implicit Wait" library="SeleniumLibrary">
<arg>30s</arg>
<doc>Sets the implicit wait value used by Selenium.</doc>
<status status="PASS" starttime="20230128 12:17:34.837" endtime="20230128 12:17:34.840"/>
</kw>
<kw name="Go To" library="SeleniumLibrary">
<arg>url=${URL}</arg>
<doc>Navigates the current browser window to the provided ``url``.</doc>
<msg timestamp="20230128 12:17:34.843" level="INFO">Opening url 'https://www.chumbak.com/'</msg>
<status status="PASS" starttime="20230128 12:17:34.842" endtime="20230128 12:17:38.456"/>
</kw>
<status status="PASS" starttime="20230128 12:17:32.902" endtime="20230128 12:17:38.456"/>
</kw>
<kw name="Valid Login Template">
<arg>NI</arg>
<arg>KA</arg>
<arg>nika@gmail.com</arg>
<arg>nmbnvjg789</arg>
<kw name="Click Element" library="SeleniumLibrary">
<arg>id=user_6_</arg>
<doc>Click the element identified by ``locator``.</doc>
<msg timestamp="20230128 12:17:38.460" level="INFO">Clicking element 'id=user_6_'.</msg>
<status status="PASS" starttime="20230128 12:17:38.459" endtime="20230128 12:17:38.563"/>
</kw>
<kw name="Click Element" library="SeleniumLibrary">
<arg>link=Login</arg>
<doc>Click the element identified by ``locator``.</doc>
<msg timestamp="20230128 12:17:38.564" level="INFO">Clicking element 'link=Login'.</msg>
<status status="PASS" starttime="20230128 12:17:38.563" endtime="20230128 12:17:40.961"/>
</kw>
<kw name="Click Element" library="SeleniumLibrary">
<arg>link=Create one</arg>
<doc>Click the element identified by ``locator``.</doc>
<msg timestamp="20230128 12:17:40.963" level="INFO">Clicking element 'link=Create one'.</msg>
<status status="PASS" starttime="20230128 12:17:40.962" endtime="20230128 12:17:43.112"/>
</kw>
<kw name="Input Text" library="SeleniumLibrary">
<arg>name=customer[first_name]</arg>
<arg>${firstname}</arg>
<doc>Types the given ``text`` into the text field identified by ``locator``.</doc>
<msg timestamp="20230128 12:17:43.114" level="INFO">Typing text 'NI' into text field 'name=customer[first_name]'.</msg>
<status status="PASS" starttime="20230128 12:17:43.112" endtime="20230128 12:17:43.420"/>
</kw>
<kw name="Input Text" library="SeleniumLibrary">
<arg>name=customer[last_name]</arg>
<arg>${lastname}</arg>
<doc>Types the given ``text`` into the text field identified by ``locator``.</doc>
<msg timestamp="20230128 12:17:43.421" level="INFO">Typing text 'KA' into text field 'name=customer[last_name]'.</msg>
<status status="PASS" starttime="20230128 12:17:43.421" endtime="20230128 12:17:43.589"/>
</kw>
<kw name="Input Text" library="SeleniumLibrary">
<arg>name=customer[email]</arg>
<arg>${mailid}</arg>
<doc>Types the given ``text`` into the text field identified by ``locator``.</doc>
<msg timestamp="20230128 12:17:43.590" level="INFO">Typing text 'nika@gmail.com' into text field 'name=customer[email]'.</msg>
<status status="PASS" starttime="20230128 12:17:43.589" endtime="20230128 12:17:43.769"/>
</kw>
<kw name="Input Text" library="SeleniumLibrary">
<arg>name=customer[password]</arg>
<arg>${password}</arg>
<doc>Types the given ``text`` into the text field identified by ``locator``.</doc>
<msg timestamp="20230128 12:17:43.771" level="INFO">Typing text 'nmbnvjg789' into text field 'name=customer[password]'.</msg>
<status status="PASS" starttime="20230128 12:17:43.770" endtime="20230128 12:17:43.931"/>
</kw>
<kw name="Get WebElement" library="SeleniumLibrary">
<var>${login}</var>
<arg>xpath=//button[text()='Create my account']</arg>
<doc>Returns the first WebElement matching the given ``locator``.</doc>
<msg timestamp="20230128 12:17:43.949" level="INFO">${login} = &lt;selenium.webdriver.remote.webelement.WebElement (session="857043740aafc477baeed027b46a777c", element="78ca1b42-ab3f-4c42-8726-6a4b3fe1b8ec")&gt;</msg>
<status status="PASS" starttime="20230128 12:17:43.931" endtime="20230128 12:17:43.950"/>
</kw>
<kw name="Execute Javascript" library="SeleniumLibrary">
<arg>arguments[0].click()</arg>
<arg>ARGUMENTS</arg>
<arg>${login}</arg>
<doc>Executes the given JavaScript code with possible arguments.</doc>
<msg timestamp="20230128 12:17:43.952" level="INFO">Executing JavaScript:
arguments[0].click()
By using argument:
'&lt;selenium.webdriver.remote.webelement.WebElement (session="857043740aafc477baeed027b46a777c", element="78ca1b42-ab3f-4c42-8726-6a4b3fe1b8ec")&gt;'</msg>
<status status="PASS" starttime="20230128 12:17:43.950" endtime="20230128 12:17:49.619"/>
</kw>
<kw name="Sleep" library="BuiltIn">
<arg>10s</arg>
<doc>Pauses the test executed for the given time.</doc>
<msg timestamp="20230128 12:17:59.620" level="INFO">Slept 10 seconds</msg>
<status status="PASS" starttime="20230128 12:17:49.619" endtime="20230128 12:17:59.620"/>
</kw>
<status status="PASS" starttime="20230128 12:17:38.457" endtime="20230128 12:17:59.620"/>
</kw>
<kw name="Close Browser" library="SeleniumLibrary" type="TEARDOWN">
<doc>Closes the current browser.</doc>
<status status="PASS" starttime="20230128 12:17:59.621" endtime="20230128 12:18:01.860"/>
</kw>
<status status="PASS" starttime="20230128 12:17:32.902" endtime="20230128 12:18:01.860"/>
</test>
<test id="s1-t3" name="Valid Login Testcase_Valid_Login_3" line="14">
<kw name="Launch Browser And Navigate To Url" library="common_functionalities" type="SETUP">
<kw name="Open Browser" library="SeleniumLibrary">
<arg>browser=${BROWSER_NAME}</arg>
<doc>Opens a new browser instance to the optional ``url``.</doc>
<msg timestamp="20230128 12:18:01.860" level="INFO">Opening browser 'chrome' to base url 'None'.</msg>
<status status="PASS" starttime="20230128 12:18:01.860" endtime="20230128 12:18:03.442"/>
</kw>
<kw name="Maximize Browser Window" library="SeleniumLibrary">
<doc>Maximizes current browser window.</doc>
<status status="PASS" starttime="20230128 12:18:03.442" endtime="20230128 12:18:03.576"/>
</kw>
<kw name="Set Selenium Implicit Wait" library="SeleniumLibrary">
<arg>30s</arg>
<doc>Sets the implicit wait value used by Selenium.</doc>
<status status="PASS" starttime="20230128 12:18:03.577" endtime="20230128 12:18:03.580"/>
</kw>
<kw name="Go To" library="SeleniumLibrary">
<arg>url=${URL}</arg>
<doc>Navigates the current browser window to the provided ``url``.</doc>
<msg timestamp="20230128 12:18:03.582" level="INFO">Opening url 'https://www.chumbak.com/'</msg>
<status status="PASS" starttime="20230128 12:18:03.581" endtime="20230128 12:18:07.698"/>
</kw>
<status status="PASS" starttime="20230128 12:18:01.860" endtime="20230128 12:18:07.699"/>
</kw>
<kw name="Valid Login Template">
<arg>SE</arg>
<arg>St</arg>
<arg>loni@hotmail.com</arg>
<arg>hbhjgy687</arg>
<kw name="Click Element" library="SeleniumLibrary">
<arg>id=user_6_</arg>
<doc>Click the element identified by ``locator``.</doc>
<msg timestamp="20230128 12:18:07.701" level="INFO">Clicking element 'id=user_6_'.</msg>
<status status="PASS" starttime="20230128 12:18:07.700" endtime="20230128 12:18:07.775"/>
</kw>
<kw name="Click Element" library="SeleniumLibrary">
<arg>link=Login</arg>
<doc>Click the element identified by ``locator``.</doc>
<msg timestamp="20230128 12:18:07.776" level="INFO">Clicking element 'link=Login'.</msg>
<status status="PASS" starttime="20230128 12:18:07.775" endtime="20230128 12:18:10.643"/>
</kw>
<kw name="Click Element" library="SeleniumLibrary">
<arg>link=Create one</arg>
<doc>Click the element identified by ``locator``.</doc>
<msg timestamp="20230128 12:18:10.644" level="INFO">Clicking element 'link=Create one'.</msg>
<status status="PASS" starttime="20230128 12:18:10.643" endtime="20230128 12:18:12.553"/>
</kw>
<kw name="Input Text" library="SeleniumLibrary">
<arg>name=customer[first_name]</arg>
<arg>${firstname}</arg>
<doc>Types the given ``text`` into the text field identified by ``locator``.</doc>
<msg timestamp="20230128 12:18:12.555" level="INFO">Typing text 'SE' into text field 'name=customer[first_name]'.</msg>
<status status="PASS" starttime="20230128 12:18:12.554" endtime="20230128 12:18:12.701"/>
</kw>
<kw name="Input Text" library="SeleniumLibrary">
<arg>name=customer[last_name]</arg>
<arg>${lastname}</arg>
<doc>Types the given ``text`` into the text field identified by ``locator``.</doc>
<msg timestamp="20230128 12:18:12.703" level="INFO">Typing text 'St' into text field 'name=customer[last_name]'.</msg>
<status status="PASS" starttime="20230128 12:18:12.702" endtime="20230128 12:18:13.007"/>
</kw>
<kw name="Input Text" library="SeleniumLibrary">
<arg>name=customer[email]</arg>
<arg>${mailid}</arg>
<doc>Types the given ``text`` into the text field identified by ``locator``.</doc>
<msg timestamp="20230128 12:18:13.008" level="INFO">Typing text 'loni@hotmail.com' into text field 'name=customer[email]'.</msg>
<status status="PASS" starttime="20230128 12:18:13.008" endtime="20230128 12:18:13.140"/>
</kw>
<kw name="Input Text" library="SeleniumLibrary">
<arg>name=customer[password]</arg>
<arg>${password}</arg>
<doc>Types the given ``text`` into the text field identified by ``locator``.</doc>
<msg timestamp="20230128 12:18:13.141" level="INFO">Typing text 'hbhjgy687' into text field 'name=customer[password]'.</msg>
<status status="PASS" starttime="20230128 12:18:13.141" endtime="20230128 12:18:13.299"/>
</kw>
<kw name="Get WebElement" library="SeleniumLibrary">
<var>${login}</var>
<arg>xpath=//button[text()='Create my account']</arg>
<doc>Returns the first WebElement matching the given ``locator``.</doc>
<msg timestamp="20230128 12:18:13.323" level="INFO">${login} = &lt;selenium.webdriver.remote.webelement.WebElement (session="8d171d9129d1b807294c8533ecc119ac", element="ef05d0cb-b807-4c49-966a-4d361f32fc92")&gt;</msg>
<status status="PASS" starttime="20230128 12:18:13.300" endtime="20230128 12:18:13.323"/>
</kw>
<kw name="Execute Javascript" library="SeleniumLibrary">
<arg>arguments[0].click()</arg>
<arg>ARGUMENTS</arg>
<arg>${login}</arg>
<doc>Executes the given JavaScript code with possible arguments.</doc>
<msg timestamp="20230128 12:18:13.326" level="INFO">Executing JavaScript:
arguments[0].click()
By using argument:
'&lt;selenium.webdriver.remote.webelement.WebElement (session="8d171d9129d1b807294c8533ecc119ac", element="ef05d0cb-b807-4c49-966a-4d361f32fc92")&gt;'</msg>
<status status="PASS" starttime="20230128 12:18:13.323" endtime="20230128 12:18:18.061"/>
</kw>
<kw name="Sleep" library="BuiltIn">
<arg>10s</arg>
<doc>Pauses the test executed for the given time.</doc>
<msg timestamp="20230128 12:18:28.063" level="INFO">Slept 10 seconds</msg>
<status status="PASS" starttime="20230128 12:18:18.061" endtime="20230128 12:18:28.063"/>
</kw>
<status status="PASS" starttime="20230128 12:18:07.699" endtime="20230128 12:18:28.064"/>
</kw>
<kw name="Close Browser" library="SeleniumLibrary" type="TEARDOWN">
<doc>Closes the current browser.</doc>
<status status="PASS" starttime="20230128 12:18:28.064" endtime="20230128 12:18:30.337"/>
</kw>
<status status="PASS" starttime="20230128 12:18:01.860" endtime="20230128 12:18:30.337"/>
</test>
<test id="s1-t4" name="Valid Login Testcase_Valid_Login_4" line="14">
<kw name="Launch Browser And Navigate To Url" library="common_functionalities" type="SETUP">
<kw name="Open Browser" library="SeleniumLibrary">
<arg>browser=${BROWSER_NAME}</arg>
<doc>Opens a new browser instance to the optional ``url``.</doc>
<msg timestamp="20230128 12:18:30.337" level="INFO">Opening browser 'chrome' to base url 'None'.</msg>
<status status="PASS" starttime="20230128 12:18:30.337" endtime="20230128 12:18:32.046"/>
</kw>
<kw name="Maximize Browser Window" library="SeleniumLibrary">
<doc>Maximizes current browser window.</doc>
<status status="PASS" starttime="20230128 12:18:32.046" endtime="20230128 12:18:32.170"/>
</kw>
<kw name="Set Selenium Implicit Wait" library="SeleniumLibrary">
<arg>30s</arg>
<doc>Sets the implicit wait value used by Selenium.</doc>
<status status="PASS" starttime="20230128 12:18:32.171" endtime="20230128 12:18:32.173"/>
</kw>
<kw name="Go To" library="SeleniumLibrary">
<arg>url=${URL}</arg>
<doc>Navigates the current browser window to the provided ``url``.</doc>
<msg timestamp="20230128 12:18:32.174" level="INFO">Opening url 'https://www.chumbak.com/'</msg>
<status status="PASS" starttime="20230128 12:18:32.173" endtime="20230128 12:18:35.393"/>
</kw>
<status status="PASS" starttime="20230128 12:18:30.337" endtime="20230128 12:18:35.394"/>
</kw>
<kw name="Valid Login Template">
<arg>CA</arg>
<arg>sccs</arg>
<arg>poi@dmail.com</arg>
<arg>bhghg7080</arg>
<kw name="Click Element" library="SeleniumLibrary">
<arg>id=user_6_</arg>
<doc>Click the element identified by ``locator``.</doc>
<msg timestamp="20230128 12:18:35.398" level="INFO">Clicking element 'id=user_6_'.</msg>
<status status="PASS" starttime="20230128 12:18:35.396" endtime="20230128 12:18:35.475"/>
</kw>
<kw name="Click Element" library="SeleniumLibrary">
<arg>link=Login</arg>
<doc>Click the element identified by ``locator``.</doc>
<msg timestamp="20230128 12:18:35.476" level="INFO">Clicking element 'link=Login'.</msg>
<status status="PASS" starttime="20230128 12:18:35.475" endtime="20230128 12:18:37.644"/>
</kw>
<kw name="Click Element" library="SeleniumLibrary">
<arg>link=Create one</arg>
<doc>Click the element identified by ``locator``.</doc>
<msg timestamp="20230128 12:18:37.646" level="INFO">Clicking element 'link=Create one'.</msg>
<status status="PASS" starttime="20230128 12:18:37.644" endtime="20230128 12:18:39.733"/>
</kw>
<kw name="Input Text" library="SeleniumLibrary">
<arg>name=customer[first_name]</arg>
<arg>${firstname}</arg>
<doc>Types the given ``text`` into the text field identified by ``locator``.</doc>
<msg timestamp="20230128 12:18:39.736" level="INFO">Typing text 'CA' into text field 'name=customer[first_name]'.</msg>
<status status="PASS" starttime="20230128 12:18:39.734" endtime="20230128 12:18:39.856"/>
</kw>
<kw name="Input Text" library="SeleniumLibrary">
<arg>name=customer[last_name]</arg>
<arg>${lastname}</arg>
<doc>Types the given ``text`` into the text field identified by ``locator``.</doc>
<msg timestamp="20230128 12:18:39.858" level="INFO">Typing text 'sccs' into text field 'name=customer[last_name]'.</msg>
<status status="PASS" starttime="20230128 12:18:39.856" endtime="20230128 12:18:40.172"/>
</kw>
<kw name="Input Text" library="SeleniumLibrary">
<arg>name=customer[email]</arg>
<arg>${mailid}</arg>
<doc>Types the given ``text`` into the text field identified by ``locator``.</doc>
<msg timestamp="20230128 12:18:40.173" level="INFO">Typing text 'poi@dmail.com' into text field 'name=customer[email]'.</msg>
<status status="PASS" starttime="20230128 12:18:40.173" endtime="20230128 12:18:40.393"/>
</kw>
<kw name="Input Text" library="SeleniumLibrary">
<arg>name=customer[password]</arg>
<arg>${password}</arg>
<doc>Types the given ``text`` into the text field identified by ``locator``.</doc>
<msg timestamp="20230128 12:18:40.395" level="INFO">Typing text 'bhghg7080' into text field 'name=customer[password]'.</msg>
<status status="PASS" starttime="20230128 12:18:40.393" endtime="20230128 12:18:40.529"/>
</kw>
<kw name="Get WebElement" library="SeleniumLibrary">
<var>${login}</var>
<arg>xpath=//button[text()='Create my account']</arg>
<doc>Returns the first WebElement matching the given ``locator``.</doc>
<msg timestamp="20230128 12:18:40.548" level="INFO">${login} = &lt;selenium.webdriver.remote.webelement.WebElement (session="90cdffe20c7b1f08af07180405d3f252", element="274cea68-c2f0-44e3-bb0c-58ceb145cbde")&gt;</msg>
<status status="PASS" starttime="20230128 12:18:40.529" endtime="20230128 12:18:40.548"/>
</kw>
<kw name="Execute Javascript" library="SeleniumLibrary">
<arg>arguments[0].click()</arg>
<arg>ARGUMENTS</arg>
<arg>${login}</arg>
<doc>Executes the given JavaScript code with possible arguments.</doc>
<msg timestamp="20230128 12:18:40.551" level="INFO">Executing JavaScript:
arguments[0].click()
By using argument:
'&lt;selenium.webdriver.remote.webelement.WebElement (session="90cdffe20c7b1f08af07180405d3f252", element="274cea68-c2f0-44e3-bb0c-58ceb145cbde")&gt;'</msg>
<status status="PASS" starttime="20230128 12:18:40.548" endtime="20230128 12:18:45.198"/>
</kw>
<kw name="Sleep" library="BuiltIn">
<arg>10s</arg>
<doc>Pauses the test executed for the given time.</doc>
<msg timestamp="20230128 12:18:55.199" level="INFO">Slept 10 seconds</msg>
<status status="PASS" starttime="20230128 12:18:45.198" endtime="20230128 12:18:55.199"/>
</kw>
<status status="PASS" starttime="20230128 12:18:35.394" endtime="20230128 12:18:55.199"/>
</kw>
<kw name="Close Browser" library="SeleniumLibrary" type="TEARDOWN">
<doc>Closes the current browser.</doc>
<status status="PASS" starttime="20230128 12:18:55.199" endtime="20230128 12:18:57.426"/>
</kw>
<status status="PASS" starttime="20230128 12:18:30.337" endtime="20230128 12:18:57.426"/>
</test>
<doc>This file contains test cases related to valid login</doc>
<status status="PASS" starttime="20230128 12:16:53.206" endtime="20230128 12:18:57.426"/>
</suite>
<statistics>
<total>
<stat pass="4" fail="0" skip="0">All Tests</stat>
</total>
<tag>
</tag>
<suite>
<stat pass="4" fail="0" skip="0" id="s1" name="Valid Login test">Valid Login test</stat>
</suite>
</statistics>
<errors>
</errors>
</robot>
